c:\github\hyperplatform\hyperplatform\x64\debug\vc140.pdb
c:\github\hyperplatform\hyperplatform\x64\debug\vmm.obj
c:\github\hyperplatform\hyperplatform\x64\debug\vm.obj
c:\github\hyperplatform\hyperplatform\x64\debug\util.obj
c:\github\hyperplatform\hyperplatform\x64\debug\power_callback.obj
c:\github\hyperplatform\hyperplatform\x64\debug\performance.obj
c:\github\hyperplatform\hyperplatform\x64\debug\log.obj
c:\github\hyperplatform\hyperplatform\x64\debug\kernel_stl.obj
c:\github\hyperplatform\hyperplatform\x64\debug\hotplug_callback.obj
c:\github\hyperplatform\hyperplatform\x64\debug\global_object.obj
c:\github\hyperplatform\hyperplatform\x64\debug\ept.obj
c:\github\hyperplatform\hyperplatform\x64\debug\driver.obj
c:\github\perfvisor\hyperplatform\x64\debug\vc140.pdb
c:\github\perfvisor\hyperplatform\x64\debug\vmm.obj
c:\github\perfvisor\hyperplatform\x64\debug\vm.obj
c:\github\perfvisor\hyperplatform\x64\debug\util.obj
c:\github\perfvisor\hyperplatform\x64\debug\power_callback.obj
c:\github\perfvisor\hyperplatform\x64\debug\performance.obj
c:\github\perfvisor\hyperplatform\x64\debug\log.obj
c:\github\perfvisor\hyperplatform\x64\debug\kernel_stl.obj
c:\github\perfvisor\hyperplatform\x64\debug\hotplug_callback.obj
c:\github\perfvisor\hyperplatform\x64\debug\global_object.obj
c:\github\perfvisor\hyperplatform\x64\debug\ept.obj
c:\github\perfvisor\hyperplatform\x64\debug\driver.obj
c:\github\hyperplatform\hyperplatform\x64\debug\x64.obj
c:\github\hyperplatform\x64\debug\hyperplatform\hyperplatform.cat
c:\github\perfvisor\x64\debug\hyperplatform\hyperplatform.cat
c:\github\hyperplatform\x64\debug\hyperplatform.sys
c:\github\hyperplatform\x64\debug\hyperplatform.pdb
c:\github\perfvisor\x64\debug\hyperplatform.sys
c:\github\perfvisor\x64\debug\hyperplatform.pdb
c:\github\hyperplatform\hyperplatform\x64\debug\hyperplatform.inf
c:\github\perfvisor\hyperplatform\x64\debug\hyperplatform.inf
c:\github\perfvisor\x64\debug\hyperplatform.cer
c:\github\perfvisor\x64\debug\hyperplatform.inf
c:\github\perfvisor\hyperplatform\x64\debug\x64.obj
c:\github\perfvisor\hyperplatform\x64\debug\hyperplatform.tlog\cl.command.1.tlog
c:\github\perfvisor\hyperplatform\x64\debug\hyperplatform.tlog\cl.read.1.tlog
c:\github\perfvisor\hyperplatform\x64\debug\hyperplatform.tlog\cl.write.1.tlog
c:\github\perfvisor\hyperplatform\x64\debug\hyperplatform.tlog\hyperplatform.write.1u.tlog
c:\github\perfvisor\hyperplatform\x64\debug\hyperplatform.tlog\inf2cat-expand.10564.read.1.tlog
c:\github\perfvisor\hyperplatform\x64\debug\hyperplatform.tlog\inf2cat-expand.10564.write.1.tlog
c:\github\perfvisor\hyperplatform\x64\debug\hyperplatform.tlog\inf2cat-expand.11984.read.1.tlog
c:\github\perfvisor\hyperplatform\x64\debug\hyperplatform.tlog\inf2cat-expand.11984.write.1.tlog
c:\github\perfvisor\hyperplatform\x64\debug\hyperplatform.tlog\inf2cat-expand.12876.read.1.tlog
c:\github\perfvisor\hyperplatform\x64\debug\hyperplatform.tlog\inf2cat-expand.12876.write.1.tlog
c:\github\perfvisor\hyperplatform\x64\debug\hyperplatform.tlog\inf2cat-expand.15780.read.1.tlog
c:\github\perfvisor\hyperplatform\x64\debug\hyperplatform.tlog\inf2cat-expand.15780.write.1.tlog
c:\github\perfvisor\hyperplatform\x64\debug\hyperplatform.tlog\inf2cat-expand.16416.read.1.tlog
c:\github\perfvisor\hyperplatform\x64\debug\hyperplatform.tlog\inf2cat-expand.16416.write.1.tlog
c:\github\perfvisor\hyperplatform\x64\debug\hyperplatform.tlog\inf2cat-expand.20124.read.1.tlog
c:\github\perfvisor\hyperplatform\x64\debug\hyperplatform.tlog\inf2cat-expand.20124.write.1.tlog
c:\github\perfvisor\hyperplatform\x64\debug\hyperplatform.tlog\inf2cat-expand.20684.read.1.tlog
c:\github\perfvisor\hyperplatform\x64\debug\hyperplatform.tlog\inf2cat-expand.20684.write.1.tlog
c:\github\perfvisor\hyperplatform\x64\debug\hyperplatform.tlog\inf2cat-expand.21520.read.1.tlog
c:\github\perfvisor\hyperplatform\x64\debug\hyperplatform.tlog\inf2cat-expand.21520.write.1.tlog
c:\github\perfvisor\hyperplatform\x64\debug\hyperplatform.tlog\inf2cat-expand.21624.read.1.tlog
c:\github\perfvisor\hyperplatform\x64\debug\hyperplatform.tlog\inf2cat-expand.21624.write.1.tlog
c:\github\perfvisor\hyperplatform\x64\debug\hyperplatform.tlog\inf2cat-expand.22064.read.1.tlog
c:\github\perfvisor\hyperplatform\x64\debug\hyperplatform.tlog\inf2cat-expand.22064.write.1.tlog
c:\github\perfvisor\hyperplatform\x64\debug\hyperplatform.tlog\inf2cat-expand.24076.read.1.tlog
c:\github\perfvisor\hyperplatform\x64\debug\hyperplatform.tlog\inf2cat-expand.24076.write.1.tlog
c:\github\perfvisor\hyperplatform\x64\debug\hyperplatform.tlog\inf2cat-expand.24632.read.1.tlog
c:\github\perfvisor\hyperplatform\x64\debug\hyperplatform.tlog\inf2cat-expand.24632.write.1.tlog
c:\github\perfvisor\hyperplatform\x64\debug\hyperplatform.tlog\inf2cat-expand.26216.read.1.tlog
c:\github\perfvisor\hyperplatform\x64\debug\hyperplatform.tlog\inf2cat-expand.26216.write.1.tlog
c:\github\perfvisor\hyperplatform\x64\debug\hyperplatform.tlog\inf2cat-expand.26332.read.1.tlog
c:\github\perfvisor\hyperplatform\x64\debug\hyperplatform.tlog\inf2cat-expand.26332.write.1.tlog
c:\github\perfvisor\hyperplatform\x64\debug\hyperplatform.tlog\inf2cat-expand.27376.read.1.tlog
c:\github\perfvisor\hyperplatform\x64\debug\hyperplatform.tlog\inf2cat-expand.27376.write.1.tlog
c:\github\perfvisor\hyperplatform\x64\debug\hyperplatform.tlog\inf2cat-expand.27536.read.1.tlog
c:\github\perfvisor\hyperplatform\x64\debug\hyperplatform.tlog\inf2cat-expand.27536.write.1.tlog
c:\github\perfvisor\hyperplatform\x64\debug\hyperplatform.tlog\inf2cat-expand.28380.read.1.tlog
c:\github\perfvisor\hyperplatform\x64\debug\hyperplatform.tlog\inf2cat-expand.28380.write.1.tlog
c:\github\perfvisor\hyperplatform\x64\debug\hyperplatform.tlog\inf2cat-expand.28496.read.1.tlog
c:\github\perfvisor\hyperplatform\x64\debug\hyperplatform.tlog\inf2cat-expand.28496.write.1.tlog
c:\github\perfvisor\hyperplatform\x64\debug\hyperplatform.tlog\inf2cat-expand.28804.read.1.tlog
c:\github\perfvisor\hyperplatform\x64\debug\hyperplatform.tlog\inf2cat-expand.28804.write.1.tlog
c:\github\perfvisor\hyperplatform\x64\debug\hyperplatform.tlog\inf2cat-expand.30564.read.1.tlog
c:\github\perfvisor\hyperplatform\x64\debug\hyperplatform.tlog\inf2cat-expand.30564.write.1.tlog
c:\github\perfvisor\hyperplatform\x64\debug\hyperplatform.tlog\inf2cat-expand.30928.read.1.tlog
c:\github\perfvisor\hyperplatform\x64\debug\hyperplatform.tlog\inf2cat-expand.30928.write.1.tlog
c:\github\perfvisor\hyperplatform\x64\debug\hyperplatform.tlog\inf2cat-expand.32208.read.1.tlog
c:\github\perfvisor\hyperplatform\x64\debug\hyperplatform.tlog\inf2cat-expand.32208.write.1.tlog
c:\github\perfvisor\hyperplatform\x64\debug\hyperplatform.tlog\inf2cat-expand.32344.read.1.tlog
c:\github\perfvisor\hyperplatform\x64\debug\hyperplatform.tlog\inf2cat-expand.32344.write.1.tlog
c:\github\perfvisor\hyperplatform\x64\debug\hyperplatform.tlog\inf2cat-expand.32816.read.1.tlog
c:\github\perfvisor\hyperplatform\x64\debug\hyperplatform.tlog\inf2cat-expand.32816.write.1.tlog
c:\github\perfvisor\hyperplatform\x64\debug\hyperplatform.tlog\inf2cat-expand.33164.read.1.tlog
c:\github\perfvisor\hyperplatform\x64\debug\hyperplatform.tlog\inf2cat-expand.33164.write.1.tlog
c:\github\perfvisor\hyperplatform\x64\debug\hyperplatform.tlog\inf2cat-expand.33508.read.1.tlog
c:\github\perfvisor\hyperplatform\x64\debug\hyperplatform.tlog\inf2cat-expand.33508.write.1.tlog
c:\github\perfvisor\hyperplatform\x64\debug\hyperplatform.tlog\inf2cat-expand.33540.read.1.tlog
c:\github\perfvisor\hyperplatform\x64\debug\hyperplatform.tlog\inf2cat-expand.33540.write.1.tlog
c:\github\perfvisor\hyperplatform\x64\debug\hyperplatform.tlog\inf2cat-expand.34616.read.1.tlog
c:\github\perfvisor\hyperplatform\x64\debug\hyperplatform.tlog\inf2cat-expand.34616.write.1.tlog
c:\github\perfvisor\hyperplatform\x64\debug\hyperplatform.tlog\inf2cat-expand.896.read.1.tlog
c:\github\perfvisor\hyperplatform\x64\debug\hyperplatform.tlog\inf2cat-expand.896.write.1.tlog
c:\github\perfvisor\hyperplatform\x64\debug\hyperplatform.tlog\inf2cat-expand.read.1.tlog
c:\github\perfvisor\hyperplatform\x64\debug\hyperplatform.tlog\inf2cat-expand.write.1.tlog
c:\github\perfvisor\hyperplatform\x64\debug\hyperplatform.tlog\inf2cat.command.1.tlog
c:\github\perfvisor\hyperplatform\x64\debug\hyperplatform.tlog\inf2cat.read.1.tlog
c:\github\perfvisor\hyperplatform\x64\debug\hyperplatform.tlog\inf2cat.read.8.tlog
c:\github\perfvisor\hyperplatform\x64\debug\hyperplatform.tlog\inf2cat.write.1.tlog
c:\github\perfvisor\hyperplatform\x64\debug\hyperplatform.tlog\inf2cat.write.8.tlog
c:\github\perfvisor\hyperplatform\x64\debug\hyperplatform.tlog\link.command.1.tlog
c:\github\perfvisor\hyperplatform\x64\debug\hyperplatform.tlog\link.read.1.tlog
c:\github\perfvisor\hyperplatform\x64\debug\hyperplatform.tlog\link.write.1.tlog
c:\github\perfvisor\hyperplatform\x64\debug\hyperplatform.tlog\signtool.command.1.tlog
c:\github\perfvisor\hyperplatform\x64\debug\hyperplatform.tlog\signtool.read.1.tlog
c:\github\perfvisor\hyperplatform\x64\debug\hyperplatform.tlog\signtool.timestamp.1.tlog
c:\github\perfvisor\hyperplatform\x64\debug\hyperplatform.tlog\signtool.write.1.tlog
c:\github\perfvisor\hyperplatform\x64\debug\hyperplatform.tlog\stampinf.command.1.tlog
c:\github\perfvisor\hyperplatform\x64\debug\hyperplatform.tlog\stampinf.read.1.tlog
c:\github\perfvisor\hyperplatform\x64\debug\hyperplatform.tlog\stampinf.write.1.tlog
